The system is: Darwin - 19.6.0 - x86_64
Compiling the CXX compiler identification source file "CMakeCXXCompilerId.cpp" succeeded.
Compiler: /Library/Developer/CommandLineTools/usr/bin/c++ 
Build flags: 
Id flags:  

The output was:
0


Compilation of the CXX compiler identification source "CMakeCXXCompilerId.cpp" produced "a.out"

The CXX compiler identification is AppleClang, found in "/Users/joanna/Downloads/FINAL/cmake-build-debug/CMakeFiles/3.25.2/CompilerIdCXX/a.out"

Detecting CXX compiler ABI info compiled with the following output:
Change Dir: /Users/joanna/Downloads/FINAL/cmake-build-debug/CMakeFiles/CMakeScratch/TryCompile-6JwRqm

Run Build Command(s):/usr/bin/make -f Makefile cmTC_0b278/fast && /Library/Developer/CommandLineTools/usr/bin/make  -f CMakeFiles/cmTC_0b278.dir/build.make CMakeFiles/cmTC_0b278.dir/build
Building CXX object CMakeFiles/cmTC_0b278.dir/CMakeCXXCompilerABI.cpp.o
/Library/Developer/CommandLineTools/usr/bin/c++   -isysroot /Library/Developer/CommandLineTools/SDKs/MacOSX11.1.sdk -mmacosx-version-min=10.15 -fcolor-diagnostics   -v -Wl,-v -MD -MT CMakeFiles/cmTC_0b278.dir/CMakeCXXCompilerABI.cpp.o -MF CMakeFiles/cmTC_0b278.dir/CMakeCXXCompilerABI.cpp.o.d -o CMakeFiles/cmTC_0b278.dir/CMakeCXXCompilerABI.cpp.o -c /Applications/CLion.app/Contents/bin/cmake/mac/share/cmake-3.25/Modules/CMakeCXXCompilerABI.cpp
Apple clang version 12.0.0 (clang-1200.0.32.29)
Target: x86_64-apple-darwin19.6.0
Thread model: posix
InstalledDir: /Library/Developer/CommandLineTools/usr/bin
clang: [0;1;35mwarning: [0m-Wl,-v: 'linker' input unused [-Wunused-command-line-argument][0m
ignoring nonexistent directory "/Library/Developer/CommandLineTools/SDKs/MacOSX11.1.sdk/usr/include/c++/v1"
 "/Library/Developer/CommandLineTools/usr/bin/clang" -cc1 -triple x86_64-apple-macosx10.15.0 -Wdeprecated-objc-isa-usage -Werror=deprecated-objc-isa-usage -Werror=implicit-function-declaration -emit-obj -mrelax-all -disable-free -disable-llvm-verifier -discard-value-names -main-file-name CMakeCXXCompilerABI.cpp -mrelocation-model pic -pic-level 2 -mthread-model posix -mframe-pointer=all -fno-strict-return -masm-verbose -munwind-tables -target-sdk-version=11.1 -target-cpu penryn -dwarf-column-info -debugger-tuning=lldb -target-linker-version 609.8 -v -resource-dir /Library/Developer/CommandLineTools/usr/lib/clang/12.0.0 -dependency-file CMakeFiles/cmTC_0b278.dir/CMakeCXXCompilerABI.cpp.o.d -skip-unused-modulemap-deps -MT CMakeFiles/cmTC_0b278.dir/CMakeCXXCompilerABI.cpp.o -sys-header-deps -isysroot /Library/Developer/CommandLineTools/SDKs/MacOSX11.1.sdk -stdlib=libc++ -internal-isystem /Library/Developer/CommandLineTools/usr/bin/../include/c++/v1 -internal-isystem /Library/Developer/CommandLineTools/SDKs/MacOSX11.1.sdk/usr/local/include -internal-isystem /Library/Developer/CommandLineTools/usr/lib/clang/12.0.0/include -internal-externc-isystem /Library/Developer/CommandLineTools/SDKs/MacOSX11.1.sdk/usr/include -internal-externc-isystem /Library/Developer/CommandLineTools/usr/include -Wno-reorder-init-list -Wno-implicit-int-float-conversion -Wno-c99-designator -Wno-final-dtor-non-final-class -Wno-extra-semi-stmt -Wno-misleading-indentation -Wno-quoted-include-in-framework-header -Wno-implicit-fallthrough -Wno-enum-enum-conversion -Wno-enum-float-conversion -fdeprecated-macro -fdebug-compilation-dir /Users/joanna/Downloads/FINAL/cmake-build-debug/CMakeFiles/CMakeScratch/TryCompile-6JwRqm -ferror-limit 19 -fmessage-length 0 -stack-protector 1 -fstack-check -mdarwin-stkchk-strong-link -fblocks -fencode-extended-block-signature -fregister-global-dtors-with-atexit -fgnuc-version=4.2.1 -fobjc-runtime=macosx-10.15.0 -fcxx-exceptions -fexceptions -fmax-type-align=16 -fdiagnostics-show-option -fcolor-diagnostics -o CMakeFiles/cmTC_0b278.dir/CMakeCXXCompilerABI.cpp.o -x c++ /Applications/CLion.app/Contents/bin/cmake/mac/share/cmake-3.25/Modules/CMakeCXXCompilerABI.cpp
clang -cc1 version 12.0.0 (clang-1200.0.32.29) default target x86_64-apple-darwin19.6.0
ignoring nonexistent directory "/Library/Developer/CommandLineTools/SDKs/MacOSX11.1.sdk/usr/local/include"
ignoring nonexistent directory "/Library/Developer/CommandLineTools/SDKs/MacOSX11.1.sdk/Library/Frameworks"
#include "..." search starts here:
#include <...> search starts here:
 /Library/Developer/CommandLineTools/usr/bin/../include/c++/v1
 /Library/Developer/CommandLineTools/usr/lib/clang/12.0.0/include
 /Library/Developer/CommandLineTools/SDKs/MacOSX11.1.sdk/usr/include
 /Library/Developer/CommandLineTools/usr/include
 /Library/Developer/CommandLineTools/SDKs/MacOSX11.1.sdk/System/Library/Frameworks (framework directory)
End of search list.
Linking CXX executable cmTC_0b278
/Applications/CLion.app/Contents/bin/cmake/mac/bin/cmake -E cmake_link_script CMakeFiles/cmTC_0b278.dir/link.txt --verbose=1
/Library/Developer/CommandLineTools/usr/bin/c++  -isysroot /Library/Developer/CommandLineTools/SDKs/MacOSX11.1.sdk -mmacosx-version-min=10.15 -Wl,-search_paths_first -Wl,-headerpad_max_install_names  -v -Wl,-v CMakeFiles/cmTC_0b278.dir/CMakeCXXCompilerABI.cpp.o -o cmTC_0b278 
Apple clang version 12.0.0 (clang-1200.0.32.29)
Target: x86_64-apple-darwin19.6.0
Thread model: posix
InstalledDir: /Library/Developer/CommandLineTools/usr/bin
 "/Library/Developer/CommandLineTools/usr/bin/ld" -demangle -lto_library /Library/Developer/CommandLineTools/usr/lib/libLTO.dylib -dynamic -arch x86_64 -platform_version macos 10.15.0 11.1 -syslibroot /Library/Developer/CommandLineTools/SDKs/MacOSX11.1.sdk -o cmTC_0b278 -search_paths_first -headerpad_max_install_names -v CMakeFiles/cmTC_0b278.dir/CMakeCXXCompilerABI.cpp.o -lc++ -lSystem /Library/Developer/CommandLineTools/usr/lib/clang/12.0.0/lib/darwin/libclang_rt.osx.a
@(#)PROGRAM:ld  PROJECT:ld64-609.8
BUILD 15:07:46 Dec 18 2020
configured to support archs: armv6 armv7 armv7s arm64 arm64e arm64_32 i386 x86_64 x86_64h armv6m armv7k armv7m armv7em
Library search paths:
	/Library/Developer/CommandLineTools/SDKs/MacOSX11.1.sdk/usr/lib
Framework search paths:
	/Library/Developer/CommandLineTools/SDKs/MacOSX11.1.sdk/System/Library/Frameworks/



Parsed CXX implicit include dir info from above output: rv=loading
  found start of include info
  warn: unable to parse implicit include dirs!


Parsed CXX implicit link information from above output:
  link line regex: [^( *|.*[/\])(ld|CMAKE_LINK_STARTFILE-NOTFOUND|([^/\]+-)?ld|collect2)[^/\]*( |$)]
  ignore line: [Change Dir: /Users/joanna/Downloads/FINAL/cmake-build-debug/CMakeFiles/CMakeScratch/TryCompile-6JwRqm]
  ignore line: []
  ignore line: [Run Build Command(s):/usr/bin/make -f Makefile cmTC_0b278/fast && /Library/Developer/CommandLineTools/usr/bin/make  -f CMakeFiles/cmTC_0b278.dir/build.make CMakeFiles/cmTC_0b278.dir/build]
  ignore line: [Building CXX object CMakeFiles/cmTC_0b278.dir/CMakeCXXCompilerABI.cpp.o]
  ignore line: [/Library/Developer/CommandLineTools/usr/bin/c++   -isysroot /Library/Developer/CommandLineTools/SDKs/MacOSX11.1.sdk -mmacosx-version-min=10.15 -fcolor-diagnostics   -v -Wl -v -MD -MT CMakeFiles/cmTC_0b278.dir/CMakeCXXCompilerABI.cpp.o -MF CMakeFiles/cmTC_0b278.dir/CMakeCXXCompilerABI.cpp.o.d -o CMakeFiles/cmTC_0b278.dir/CMakeCXXCompilerABI.cpp.o -c /Applications/CLion.app/Contents/bin/cmake/mac/share/cmake-3.25/Modules/CMakeCXXCompilerABI.cpp]
  ignore line: [Apple clang version 12.0.0 (clang-1200.0.32.29)]
  ignore line: [Target: x86_64-apple-darwin19.6.0]
  ignore line: [Thread model: posix]
  ignore line: [InstalledDir: /Library/Developer/CommandLineTools/usr/bin]
  ignore line: [clang: [0;1;35mwarning: [0m-Wl,-v: 'linker' input unused [-Wunused-command-line-argument][0m;ignoring nonexistent directory "/Library/Developer/CommandLineTools/SDKs/MacOSX11.1.sdk/usr/include/c++/v1"; "/Library/Developer/CommandLineTools/usr/bin/clang" -cc1 -triple x86_64-apple-macosx10.15.0 -Wdeprecated-objc-isa-usage -Werror=deprecated-objc-isa-usage -Werror=implicit-function-declaration -emit-obj -mrelax-all -disable-free -disable-llvm-verifier -discard-value-names -main-file-name CMakeCXXCompilerABI.cpp -mrelocation-model pic -pic-level 2 -mthread-model posix -mframe-pointer=all -fno-strict-return -masm-verbose -munwind-tables -target-sdk-version=11.1 -target-cpu penryn -dwarf-column-info -debugger-tuning=lldb -target-linker-version 609.8 -v -resource-dir /Library/Developer/CommandLineTools/usr/lib/clang/12.0.0 -dependency-file CMakeFiles/cmTC_0b278.dir/CMakeCXXCompilerABI.cpp.o.d -skip-unused-modulemap-deps -MT CMakeFiles/cmTC_0b278.dir/CMakeCXXCompilerABI.cpp.o -sys-header-deps -isysroot /Library/Developer/CommandLineTools/SDKs/MacOSX11.1.sdk -stdlib=libc++ -internal-isystem /Library/Developer/CommandLineTools/usr/bin/../include/c++/v1 -internal-isystem /Library/Developer/CommandLineTools/SDKs/MacOSX11.1.sdk/usr/local/include -internal-isystem /Library/Developer/CommandLineTools/usr/lib/clang/12.0.0/include -internal-externc-isystem /Library/Developer/CommandLineTools/SDKs/MacOSX11.1.sdk/usr/include -internal-externc-isystem /Library/Developer/CommandLineTools/usr/include -Wno-reorder-init-list -Wno-implicit-int-float-conversion -Wno-c99-designator -Wno-final-dtor-non-final-class -Wno-extra-semi-stmt -Wno-misleading-indentation -Wno-quoted-include-in-framework-header -Wno-implicit-fallthrough -Wno-enum-enum-conversion -Wno-enum-float-conversion -fdeprecated-macro -fdebug-compilation-dir /Users/joanna/Downloads/FINAL/cmake-build-debug/CMakeFiles/CMakeScratch/TryCompile-6JwRqm -ferror-limit 19 -fmessage-length 0 -stack-protector 1 -fstack-check -mdarwin-stkchk-strong-link -fblocks -fencode-extended-block-signature -fregister-global-dtors-with-atexit -fgnuc-version=4.2.1 -fobjc-runtime=macosx-10.15.0 -fcxx-exceptions -fexceptions -fmax-type-align=16 -fdiagnostics-show-option -fcolor-diagnostics -o CMakeFiles/cmTC_0b278.dir/CMakeCXXCompilerABI.cpp.o -x c++ /Applications/CLion.app/Contents/bin/cmake/mac/share/cmake-3.25/Modules/CMakeCXXCompilerABI.cpp;clang -cc1 version 12.0.0 (clang-1200.0.32.29) default target x86_64-apple-darwin19.6.0;ignoring nonexistent directory "/Library/Developer/CommandLineTools/SDKs/MacOSX11.1.sdk/usr/local/include";ignoring nonexistent directory "/Library/Developer/CommandLineTools/SDKs/MacOSX11.1.sdk/Library/Frameworks";#include "..." search starts here:;#include <...> search starts here:; /Library/Developer/CommandLineTools/usr/bin/../include/c++/v1; /Library/Developer/CommandLineTools/usr/lib/clang/12.0.0/include; /Library/Developer/CommandLineTools/SDKs/MacOSX11.1.sdk/usr/include; /Library/Developer/CommandLineTools/usr/include; /Library/Developer/CommandLineTools/SDKs/MacOSX11.1.sdk/System/Library/Frameworks (framework directory);End of search list.;Linking CXX executable cmTC_0b278;/Applications/CLion.app/Contents/bin/cmake/mac/bin/cmake -E cmake_link_script CMakeFiles/cmTC_0b278.dir/link.txt --verbose=1;/Library/Developer/CommandLineTools/usr/bin/c++  -isysroot /Library/Developer/CommandLineTools/SDKs/MacOSX11.1.sdk -mmacosx-version-min=10.15 -Wl,-search_paths_first -Wl,-headerpad_max_install_names  -v -Wl,-v CMakeFiles/cmTC_0b278.dir/CMakeCXXCompilerABI.cpp.o -o cmTC_0b278 ;Apple clang version 12.0.0 (clang-1200.0.32.29);Target: x86_64-apple-darwin19.6.0;Thread model: posix;InstalledDir: /Library/Developer/CommandLineTools/usr/bin; "/Library/Developer/CommandLineTools/usr/bin/ld" -demangle -lto_library /Library/Developer/CommandLineTools/usr/lib/libLTO.dylib -dynamic -arch x86_64 -platform_version macos 10.15.0 11.1 -syslibroot /Library/Developer/CommandLineTools/SDKs/MacOSX11.1.sdk -o cmTC_0b278 -search_paths_first -headerpad_max_install_names -v CMakeFiles/cmTC_0b278.dir/CMakeCXXCompilerABI.cpp.o -lc++ -lSystem /Library/Developer/CommandLineTools/usr/lib/clang/12.0.0/lib/darwin/libclang_rt.osx.a;@(#)PROGRAM:ld  PROJECT:ld64-609.8;BUILD 15:07:46 Dec 18 2020;configured to support archs: armv6 armv7 armv7s arm64 arm64e arm64_32 i386 x86_64 x86_64h armv6m armv7k armv7m armv7em;Library search paths:;	/Library/Developer/CommandLineTools/SDKs/MacOSX11.1.sdk/usr/lib;Framework search paths:;	/Library/Developer/CommandLineTools/SDKs/MacOSX11.1.sdk/System/Library/Frameworks/;;]
  Library search paths: [;/Library/Developer/CommandLineTools/SDKs/MacOSX11.1.sdk/usr/lib]
  Framework search paths: [;/Library/Developer/CommandLineTools/SDKs/MacOSX11.1.sdk/System/Library/Frameworks/]
  collapse library dir [/Library/Developer/CommandLineTools/SDKs/MacOSX11.1.sdk/usr/lib] ==> [/Library/Developer/CommandLineTools/SDKs/MacOSX11.1.sdk/usr/lib]
  collapse framework dir [/Library/Developer/CommandLineTools/SDKs/MacOSX11.1.sdk/System/Library/Frameworks/] ==> [/Library/Developer/CommandLineTools/SDKs/MacOSX11.1.sdk/System/Library/Frameworks]
  implicit libs: []
  implicit objs: []
  implicit dirs: [/Library/Developer/CommandLineTools/SDKs/MacOSX11.1.sdk/usr/lib]
  implicit fwks: [/Library/Developer/CommandLineTools/SDKs/MacOSX11.1.sdk/System/Library/Frameworks]


Performing C++ SOURCE FILE Test CXXFLAG_WALL_OKAY succeeded with the following output:
Change Dir: /Users/joanna/Downloads/FINAL/cmake-build-debug/CMakeFiles/CMakeScratch/TryCompile-q7569f

Run Build Command(s):/usr/bin/make -f Makefile cmTC_4882f/fast && /Library/Developer/CommandLineTools/usr/bin/make  -f CMakeFiles/cmTC_4882f.dir/build.make CMakeFiles/cmTC_4882f.dir/build
Building CXX object CMakeFiles/cmTC_4882f.dir/src.cxx.o
/Library/Developer/CommandLineTools/usr/bin/c++ -DCXXFLAG_WALL_OKAY  -isysroot /Library/Developer/CommandLineTools/SDKs/MacOSX11.1.sdk -mmacosx-version-min=10.15 -fcolor-diagnostics   -Wall -MD -MT CMakeFiles/cmTC_4882f.dir/src.cxx.o -MF CMakeFiles/cmTC_4882f.dir/src.cxx.o.d -o CMakeFiles/cmTC_4882f.dir/src.cxx.o -c /Users/joanna/Downloads/FINAL/cmake-build-debug/CMakeFiles/CMakeScratch/TryCompile-q7569f/src.cxx
Linking CXX executable cmTC_4882f
/Applications/CLion.app/Contents/bin/cmake/mac/bin/cmake -E cmake_link_script CMakeFiles/cmTC_4882f.dir/link.txt --verbose=1
/Library/Developer/CommandLineTools/usr/bin/c++  -isysroot /Library/Developer/CommandLineTools/SDKs/MacOSX11.1.sdk -mmacosx-version-min=10.15 -Wl,-search_paths_first -Wl,-headerpad_max_install_names CMakeFiles/cmTC_4882f.dir/src.cxx.o -o cmTC_4882f 


Source file was:
int main() { return 0; }

Performing C++ SOURCE FILE Test CXXFLAG_WCAST_QUAL_OKAY succeeded with the following output:
Change Dir: /Users/joanna/Downloads/FINAL/cmake-build-debug/CMakeFiles/CMakeScratch/TryCompile-d4Qlg8

Run Build Command(s):/usr/bin/make -f Makefile cmTC_490d9/fast && /Library/Developer/CommandLineTools/usr/bin/make  -f CMakeFiles/cmTC_490d9.dir/build.make CMakeFiles/cmTC_490d9.dir/build
Building CXX object CMakeFiles/cmTC_490d9.dir/src.cxx.o
/Library/Developer/CommandLineTools/usr/bin/c++ -DCXXFLAG_WCAST_QUAL_OKAY  -isysroot /Library/Developer/CommandLineTools/SDKs/MacOSX11.1.sdk -mmacosx-version-min=10.15 -fcolor-diagnostics   -Wcast-qual -MD -MT CMakeFiles/cmTC_490d9.dir/src.cxx.o -MF CMakeFiles/cmTC_490d9.dir/src.cxx.o.d -o CMakeFiles/cmTC_490d9.dir/src.cxx.o -c /Users/joanna/Downloads/FINAL/cmake-build-debug/CMakeFiles/CMakeScratch/TryCompile-d4Qlg8/src.cxx
Linking CXX executable cmTC_490d9
/Applications/CLion.app/Contents/bin/cmake/mac/bin/cmake -E cmake_link_script CMakeFiles/cmTC_490d9.dir/link.txt --verbose=1
/Library/Developer/CommandLineTools/usr/bin/c++  -isysroot /Library/Developer/CommandLineTools/SDKs/MacOSX11.1.sdk -mmacosx-version-min=10.15 -Wl,-search_paths_first -Wl,-headerpad_max_install_names CMakeFiles/cmTC_490d9.dir/src.cxx.o -o cmTC_490d9 


Source file was:
int main() { return 0; }

Performing C++ SOURCE FILE Test CXXFLAG_WDANGLING_ELSE_OKAY succeeded with the following output:
Change Dir: /Users/joanna/Downloads/FINAL/cmake-build-debug/CMakeFiles/CMakeScratch/TryCompile-bVPIt1

Run Build Command(s):/usr/bin/make -f Makefile cmTC_07846/fast && /Library/Developer/CommandLineTools/usr/bin/make  -f CMakeFiles/cmTC_07846.dir/build.make CMakeFiles/cmTC_07846.dir/build
Building CXX object CMakeFiles/cmTC_07846.dir/src.cxx.o
/Library/Developer/CommandLineTools/usr/bin/c++ -DCXXFLAG_WDANGLING_ELSE_OKAY  -isysroot /Library/Developer/CommandLineTools/SDKs/MacOSX11.1.sdk -mmacosx-version-min=10.15 -fcolor-diagnostics   -Wdangling-else -MD -MT CMakeFiles/cmTC_07846.dir/src.cxx.o -MF CMakeFiles/cmTC_07846.dir/src.cxx.o.d -o CMakeFiles/cmTC_07846.dir/src.cxx.o -c /Users/joanna/Downloads/FINAL/cmake-build-debug/CMakeFiles/CMakeScratch/TryCompile-bVPIt1/src.cxx
Linking CXX executable cmTC_07846
/Applications/CLion.app/Contents/bin/cmake/mac/bin/cmake -E cmake_link_script CMakeFiles/cmTC_07846.dir/link.txt --verbose=1
/Library/Developer/CommandLineTools/usr/bin/c++  -isysroot /Library/Developer/CommandLineTools/SDKs/MacOSX11.1.sdk -mmacosx-version-min=10.15 -Wl,-search_paths_first -Wl,-headerpad_max_install_names CMakeFiles/cmTC_07846.dir/src.cxx.o -o cmTC_07846 


Source file was:
int main() { return 0; }

Performing C++ SOURCE FILE Test CXXFLAG_WNULL_DEREFERENCE_OKAY succeeded with the following output:
Change Dir: /Users/joanna/Downloads/FINAL/cmake-build-debug/CMakeFiles/CMakeScratch/TryCompile-pkowWu

Run Build Command(s):/usr/bin/make -f Makefile cmTC_b7685/fast && /Library/Developer/CommandLineTools/usr/bin/make  -f CMakeFiles/cmTC_b7685.dir/build.make CMakeFiles/cmTC_b7685.dir/build
Building CXX object CMakeFiles/cmTC_b7685.dir/src.cxx.o
/Library/Developer/CommandLineTools/usr/bin/c++ -DCXXFLAG_WNULL_DEREFERENCE_OKAY  -isysroot /Library/Developer/CommandLineTools/SDKs/MacOSX11.1.sdk -mmacosx-version-min=10.15 -fcolor-diagnostics   -Wnull-dereference -MD -MT CMakeFiles/cmTC_b7685.dir/src.cxx.o -MF CMakeFiles/cmTC_b7685.dir/src.cxx.o.d -o CMakeFiles/cmTC_b7685.dir/src.cxx.o -c /Users/joanna/Downloads/FINAL/cmake-build-debug/CMakeFiles/CMakeScratch/TryCompile-pkowWu/src.cxx
Linking CXX executable cmTC_b7685
/Applications/CLion.app/Contents/bin/cmake/mac/bin/cmake -E cmake_link_script CMakeFiles/cmTC_b7685.dir/link.txt --verbose=1
/Library/Developer/CommandLineTools/usr/bin/c++  -isysroot /Library/Developer/CommandLineTools/SDKs/MacOSX11.1.sdk -mmacosx-version-min=10.15 -Wl,-search_paths_first -Wl,-headerpad_max_install_names CMakeFiles/cmTC_b7685.dir/src.cxx.o -o cmTC_b7685 


Source file was:
int main() { return 0; }

Performing C++ SOURCE FILE Test CXXFLAG_WTYPE_LIMITS_OKAY succeeded with the following output:
Change Dir: /Users/joanna/Downloads/FINAL/cmake-build-debug/CMakeFiles/CMakeScratch/TryCompile-dApa6z

Run Build Command(s):/usr/bin/make -f Makefile cmTC_bb252/fast && /Library/Developer/CommandLineTools/usr/bin/make  -f CMakeFiles/cmTC_bb252.dir/build.make CMakeFiles/cmTC_bb252.dir/build
Building CXX object CMakeFiles/cmTC_bb252.dir/src.cxx.o
/Library/Developer/CommandLineTools/usr/bin/c++ -DCXXFLAG_WTYPE_LIMITS_OKAY  -isysroot /Library/Developer/CommandLineTools/SDKs/MacOSX11.1.sdk -mmacosx-version-min=10.15 -fcolor-diagnostics   -Wtype-limits -MD -MT CMakeFiles/cmTC_bb252.dir/src.cxx.o -MF CMakeFiles/cmTC_bb252.dir/src.cxx.o.d -o CMakeFiles/cmTC_bb252.dir/src.cxx.o -c /Users/joanna/Downloads/FINAL/cmake-build-debug/CMakeFiles/CMakeScratch/TryCompile-dApa6z/src.cxx
Linking CXX executable cmTC_bb252
/Applications/CLion.app/Contents/bin/cmake/mac/bin/cmake -E cmake_link_script CMakeFiles/cmTC_bb252.dir/link.txt --verbose=1
/Library/Developer/CommandLineTools/usr/bin/c++  -isysroot /Library/Developer/CommandLineTools/SDKs/MacOSX11.1.sdk -mmacosx-version-min=10.15 -Wl,-search_paths_first -Wl,-headerpad_max_install_names CMakeFiles/cmTC_bb252.dir/src.cxx.o -o cmTC_bb252 


Source file was:
int main() { return 0; }

Performing C++ SOURCE FILE Test CXXFLAG_WWRITE_STRINGS_OKAY succeeded with the following output:
Change Dir: /Users/joanna/Downloads/FINAL/cmake-build-debug/CMakeFiles/CMakeScratch/TryCompile-4mAdJf

Run Build Command(s):/usr/bin/make -f Makefile cmTC_a2096/fast && /Library/Developer/CommandLineTools/usr/bin/make  -f CMakeFiles/cmTC_a2096.dir/build.make CMakeFiles/cmTC_a2096.dir/build
Building CXX object CMakeFiles/cmTC_a2096.dir/src.cxx.o
/Library/Developer/CommandLineTools/usr/bin/c++ -DCXXFLAG_WWRITE_STRINGS_OKAY  -isysroot /Library/Developer/CommandLineTools/SDKs/MacOSX11.1.sdk -mmacosx-version-min=10.15 -fcolor-diagnostics   -Wwrite-strings -MD -MT CMakeFiles/cmTC_a2096.dir/src.cxx.o -MF CMakeFiles/cmTC_a2096.dir/src.cxx.o.d -o CMakeFiles/cmTC_a2096.dir/src.cxx.o -c /Users/joanna/Downloads/FINAL/cmake-build-debug/CMakeFiles/CMakeScratch/TryCompile-4mAdJf/src.cxx
Linking CXX executable cmTC_a2096
/Applications/CLion.app/Contents/bin/cmake/mac/bin/cmake -E cmake_link_script CMakeFiles/cmTC_a2096.dir/link.txt --verbose=1
/Library/Developer/CommandLineTools/usr/bin/c++  -isysroot /Library/Developer/CommandLineTools/SDKs/MacOSX11.1.sdk -mmacosx-version-min=10.15 -Wl,-search_paths_first -Wl,-headerpad_max_install_names CMakeFiles/cmTC_a2096.dir/src.cxx.o -o cmTC_a2096 


Source file was:
int main() { return 0; }

Performing C++ SOURCE FILE Test CXXFLAG_WERROR_BOOL_OPERATION_OKAY succeeded with the following output:
Change Dir: /Users/joanna/Downloads/FINAL/cmake-build-debug/CMakeFiles/CMakeScratch/TryCompile-JCqzJp

Run Build Command(s):/usr/bin/make -f Makefile cmTC_76e8d/fast && /Library/Developer/CommandLineTools/usr/bin/make  -f CMakeFiles/cmTC_76e8d.dir/build.make CMakeFiles/cmTC_76e8d.dir/build
Building CXX object CMakeFiles/cmTC_76e8d.dir/src.cxx.o
/Library/Developer/CommandLineTools/usr/bin/c++ -DCXXFLAG_WERROR_BOOL_OPERATION_OKAY  -isysroot /Library/Developer/CommandLineTools/SDKs/MacOSX11.1.sdk -mmacosx-version-min=10.15 -fcolor-diagnostics   -Werror=bool-operation -MD -MT CMakeFiles/cmTC_76e8d.dir/src.cxx.o -MF CMakeFiles/cmTC_76e8d.dir/src.cxx.o.d -o CMakeFiles/cmTC_76e8d.dir/src.cxx.o -c /Users/joanna/Downloads/FINAL/cmake-build-debug/CMakeFiles/CMakeScratch/TryCompile-JCqzJp/src.cxx
Linking CXX executable cmTC_76e8d
/Applications/CLion.app/Contents/bin/cmake/mac/bin/cmake -E cmake_link_script CMakeFiles/cmTC_76e8d.dir/link.txt --verbose=1
/Library/Developer/CommandLineTools/usr/bin/c++  -isysroot /Library/Developer/CommandLineTools/SDKs/MacOSX11.1.sdk -mmacosx-version-min=10.15 -Wl,-search_paths_first -Wl,-headerpad_max_install_names CMakeFiles/cmTC_76e8d.dir/src.cxx.o -o cmTC_76e8d 


Source file was:
int main() { return 0; }

Performing C++ SOURCE FILE Test CXXFLAG_WERROR_INT_TO_POINTER_CAST_OKAY succeeded with the following output:
Change Dir: /Users/joanna/Downloads/FINAL/cmake-build-debug/CMakeFiles/CMakeScratch/TryCompile-89RlZF

Run Build Command(s):/usr/bin/make -f Makefile cmTC_40694/fast && /Library/Developer/CommandLineTools/usr/bin/make  -f CMakeFiles/cmTC_40694.dir/build.make CMakeFiles/cmTC_40694.dir/build
Building CXX object CMakeFiles/cmTC_40694.dir/src.cxx.o
/Library/Developer/CommandLineTools/usr/bin/c++ -DCXXFLAG_WERROR_INT_TO_POINTER_CAST_OKAY  -isysroot /Library/Developer/CommandLineTools/SDKs/MacOSX11.1.sdk -mmacosx-version-min=10.15 -fcolor-diagnostics   -Werror=int-to-pointer-cast -MD -MT CMakeFiles/cmTC_40694.dir/src.cxx.o -MF CMakeFiles/cmTC_40694.dir/src.cxx.o.d -o CMakeFiles/cmTC_40694.dir/src.cxx.o -c /Users/joanna/Downloads/FINAL/cmake-build-debug/CMakeFiles/CMakeScratch/TryCompile-89RlZF/src.cxx
Linking CXX executable cmTC_40694
/Applications/CLion.app/Contents/bin/cmake/mac/bin/cmake -E cmake_link_script CMakeFiles/cmTC_40694.dir/link.txt --verbose=1
/Library/Developer/CommandLineTools/usr/bin/c++  -isysroot /Library/Developer/CommandLineTools/SDKs/MacOSX11.1.sdk -mmacosx-version-min=10.15 -Wl,-search_paths_first -Wl,-headerpad_max_install_names CMakeFiles/cmTC_40694.dir/src.cxx.o -o cmTC_40694 


Source file was:
int main() { return 0; }

Performing C++ SOURCE FILE Test CXXFLAG_WERROR_RETURN_TYPE_OKAY succeeded with the following output:
Change Dir: /Users/joanna/Downloads/FINAL/cmake-build-debug/CMakeFiles/CMakeScratch/TryCompile-jLxL8e

Run Build Command(s):/usr/bin/make -f Makefile cmTC_ed573/fast && /Library/Developer/CommandLineTools/usr/bin/make  -f CMakeFiles/cmTC_ed573.dir/build.make CMakeFiles/cmTC_ed573.dir/build
Building CXX object CMakeFiles/cmTC_ed573.dir/src.cxx.o
/Library/Developer/CommandLineTools/usr/bin/c++ -DCXXFLAG_WERROR_RETURN_TYPE_OKAY  -isysroot /Library/Developer/CommandLineTools/SDKs/MacOSX11.1.sdk -mmacosx-version-min=10.15 -fcolor-diagnostics   -Werror=return-type -MD -MT CMakeFiles/cmTC_ed573.dir/src.cxx.o -MF CMakeFiles/cmTC_ed573.dir/src.cxx.o.d -o CMakeFiles/cmTC_ed573.dir/src.cxx.o -c /Users/joanna/Downloads/FINAL/cmake-build-debug/CMakeFiles/CMakeScratch/TryCompile-jLxL8e/src.cxx
Linking CXX executable cmTC_ed573
/Applications/CLion.app/Contents/bin/cmake/mac/bin/cmake -E cmake_link_script CMakeFiles/cmTC_ed573.dir/link.txt --verbose=1
/Library/Developer/CommandLineTools/usr/bin/c++  -isysroot /Library/Developer/CommandLineTools/SDKs/MacOSX11.1.sdk -mmacosx-version-min=10.15 -Wl,-search_paths_first -Wl,-headerpad_max_install_names CMakeFiles/cmTC_ed573.dir/src.cxx.o -o cmTC_ed573 


Source file was:
int main() { return 0; }

Performing C++ SOURCE FILE Test CXXFLAG_WERROR_UNINITIALIZED_OKAY succeeded with the following output:
Change Dir: /Users/joanna/Downloads/FINAL/cmake-build-debug/CMakeFiles/CMakeScratch/TryCompile-6DYGl7

Run Build Command(s):/usr/bin/make -f Makefile cmTC_b2cd6/fast && /Library/Developer/CommandLineTools/usr/bin/make  -f CMakeFiles/cmTC_b2cd6.dir/build.make CMakeFiles/cmTC_b2cd6.dir/build
Building CXX object CMakeFiles/cmTC_b2cd6.dir/src.cxx.o
/Library/Developer/CommandLineTools/usr/bin/c++ -DCXXFLAG_WERROR_UNINITIALIZED_OKAY  -isysroot /Library/Developer/CommandLineTools/SDKs/MacOSX11.1.sdk -mmacosx-version-min=10.15 -fcolor-diagnostics   -Werror=uninitialized -MD -MT CMakeFiles/cmTC_b2cd6.dir/src.cxx.o -MF CMakeFiles/cmTC_b2cd6.dir/src.cxx.o.d -o CMakeFiles/cmTC_b2cd6.dir/src.cxx.o -c /Users/joanna/Downloads/FINAL/cmake-build-debug/CMakeFiles/CMakeScratch/TryCompile-6DYGl7/src.cxx
Linking CXX executable cmTC_b2cd6
/Applications/CLion.app/Contents/bin/cmake/mac/bin/cmake -E cmake_link_script CMakeFiles/cmTC_b2cd6.dir/link.txt --verbose=1
/Library/Developer/CommandLineTools/usr/bin/c++  -isysroot /Library/Developer/CommandLineTools/SDKs/MacOSX11.1.sdk -mmacosx-version-min=10.15 -Wl,-search_paths_first -Wl,-headerpad_max_install_names CMakeFiles/cmTC_b2cd6.dir/src.cxx.o -o cmTC_b2cd6 


Source file was:
int main() { return 0; }

Performing C++ SOURCE FILE Test LDFLAG_FSANITIZE_UNDEFINED_OKAY succeeded with the following output:
Change Dir: /Users/joanna/Downloads/FINAL/cmake-build-debug/CMakeFiles/CMakeScratch/TryCompile-1ToRDi

Run Build Command(s):/usr/bin/make -f Makefile cmTC_52b51/fast && /Library/Developer/CommandLineTools/usr/bin/make  -f CMakeFiles/cmTC_52b51.dir/build.make CMakeFiles/cmTC_52b51.dir/build
Building CXX object CMakeFiles/cmTC_52b51.dir/src.cxx.o
/Library/Developer/CommandLineTools/usr/bin/c++ -DLDFLAG_FSANITIZE_UNDEFINED_OKAY  -fsanitize=undefined  -isysroot /Library/Developer/CommandLineTools/SDKs/MacOSX11.1.sdk -mmacosx-version-min=10.15 -fcolor-diagnostics -MD -MT CMakeFiles/cmTC_52b51.dir/src.cxx.o -MF CMakeFiles/cmTC_52b51.dir/src.cxx.o.d -o CMakeFiles/cmTC_52b51.dir/src.cxx.o -c /Users/joanna/Downloads/FINAL/cmake-build-debug/CMakeFiles/CMakeScratch/TryCompile-1ToRDi/src.cxx
Linking CXX executable cmTC_52b51
/Applications/CLion.app/Contents/bin/cmake/mac/bin/cmake -E cmake_link_script CMakeFiles/cmTC_52b51.dir/link.txt --verbose=1
/Library/Developer/CommandLineTools/usr/bin/c++  -fsanitize=undefined  -isysroot /Library/Developer/CommandLineTools/SDKs/MacOSX11.1.sdk -mmacosx-version-min=10.15 -Wl,-search_paths_first -Wl,-headerpad_max_install_names CMakeFiles/cmTC_52b51.dir/src.cxx.o -o cmTC_52b51 


Source file was:
int main(){}

