Performing C++ SOURCE FILE Test CXXFLAG_WCAST_ALIGN_STRICT_OKAY failed with the following output:
Change Dir: /Users/joanna/Downloads/FINAL/cmake-build-debug/CMakeFiles/CMakeScratch/TryCompile-umL9Ef

Run Build Command(s):/usr/bin/make -f Makefile cmTC_b5901/fast && /Library/Developer/CommandLineTools/usr/bin/make  -f CMakeFiles/cmTC_b5901.dir/build.make CMakeFiles/cmTC_b5901.dir/build
Building CXX object CMakeFiles/cmTC_b5901.dir/src.cxx.o
/Library/Developer/CommandLineTools/usr/bin/c++ -DCXXFLAG_WCAST_ALIGN_STRICT_OKAY  -isysroot /Library/Developer/CommandLineTools/SDKs/MacOSX11.1.sdk -mmacosx-version-min=10.15 -fcolor-diagnostics   -Wcast-align=strict -MD -MT CMakeFiles/cmTC_b5901.dir/src.cxx.o -MF CMakeFiles/cmTC_b5901.dir/src.cxx.o.d -o CMakeFiles/cmTC_b5901.dir/src.cxx.o -c /Users/joanna/Downloads/FINAL/cmake-build-debug/CMakeFiles/CMakeScratch/TryCompile-umL9Ef/src.cxx
[0;1;35mwarning: [0munknown warning option '-Wcast-align=strict'; did you mean '-Wcast-align'? [-Wunknown-warning-option][0m
1 warning generated.
Linking CXX executable cmTC_b5901
/Applications/CLion.app/Contents/bin/cmake/mac/bin/cmake -E cmake_link_script CMakeFiles/cmTC_b5901.dir/link.txt --verbose=1
/Library/Developer/CommandLineTools/usr/bin/c++  -isysroot /Library/Developer/CommandLineTools/SDKs/MacOSX11.1.sdk -mmacosx-version-min=10.15 -Wl,-search_paths_first -Wl,-headerpad_max_install_names CMakeFiles/cmTC_b5901.dir/src.cxx.o -o cmTC_b5901 


Source file was:
int main() { return 0; }

Performing C++ SOURCE FILE Test CXXFLAG_WERROR_BOOL_COMPARE_OKAY failed with the following output:
Change Dir: /Users/joanna/Downloads/FINAL/cmake-build-debug/CMakeFiles/CMakeScratch/TryCompile-hdiMf3

Run Build Command(s):/usr/bin/make -f Makefile cmTC_c674a/fast && /Library/Developer/CommandLineTools/usr/bin/make  -f CMakeFiles/cmTC_c674a.dir/build.make CMakeFiles/cmTC_c674a.dir/build
Building CXX object CMakeFiles/cmTC_c674a.dir/src.cxx.o
/Library/Developer/CommandLineTools/usr/bin/c++ -DCXXFLAG_WERROR_BOOL_COMPARE_OKAY  -isysroot /Library/Developer/CommandLineTools/SDKs/MacOSX11.1.sdk -mmacosx-version-min=10.15 -fcolor-diagnostics   -Werror=bool-compare -MD -MT CMakeFiles/cmTC_c674a.dir/src.cxx.o -MF CMakeFiles/cmTC_c674a.dir/src.cxx.o.d -o CMakeFiles/cmTC_c674a.dir/src.cxx.o -c /Users/joanna/Downloads/FINAL/cmake-build-debug/CMakeFiles/CMakeScratch/TryCompile-hdiMf3/src.cxx
[0;1;35mwarning: [0munknown warning option '-Werror=bool-compare' [-Wunknown-warning-option][0m
1 warning generated.
Linking CXX executable cmTC_c674a
/Applications/CLion.app/Contents/bin/cmake/mac/bin/cmake -E cmake_link_script CMakeFiles/cmTC_c674a.dir/link.txt --verbose=1
/Library/Developer/CommandLineTools/usr/bin/c++  -isysroot /Library/Developer/CommandLineTools/SDKs/MacOSX11.1.sdk -mmacosx-version-min=10.15 -Wl,-search_paths_first -Wl,-headerpad_max_install_names CMakeFiles/cmTC_c674a.dir/src.cxx.o -o cmTC_c674a 


Source file was:
int main() { return 0; }

